<?xml version="1.0" encoding="UTF-8"?>
<!-- Generated by org.testng.reporters.JUnitXMLReporter -->
<testsuite hostname="LAPTOP-1A7JJUSJ" ignored="0" name="Test" tests="3" failures="0" timestamp="2022-07-07T08:00:21 IST" time="24.727" errors="0">
  <testcase name="parentSignUp" time="3.567" classname="com.Zenda.TestCases.SignUpTest"/>
  <testcase name="signUpValidation" time="0.391" classname="com.Zenda.TestCases.SignUpTest"/>
  <testcase name="homePage" time="0.056" classname="com.Zenda.TestCases.HomePageTest"/>
</testsuite> <!-- Test -->
